<?xml version="1.0" encoding="UTF-8"?>
<!-- Generated by org.testng.reporters.JUnitReportReporter -->
<testsuite hostname="orin-PC" failures="0" tests="1" name="apiTests" time="1.882" errors="0" timestamp="2024-10-30T23:17:28 IST" skipped="0">
  <testcase classname="apiTests" name="test_01_getAndVerifyProperty" time="1.882"/>
</testsuite> <!-- apiTests -->
