<?xml version="1.0" encoding="UTF-8"?>
<!-- Generated by org.testng.reporters.JUnitReportReporter -->
<testsuite hostname="orin-PC" failures="0" tests="3" name="HomePageTests" time="2.751" errors="0" timestamp="2024-12-05T01:58:29 IST" skipped="0">
  <testcase classname="HomePageTests" name="test_02_verifyLoginButtonBackgroundColor" time="0.036"/>
  <testcase classname="HomePageTests" name="test_01_verifyHomePageTopTabs" time="2.423"/>
  <testcase classname="HomePageTests" name="test_03_verifyNumberOfCustomersDisplayedInSlideAnimationAndPrintTheirValues" time="0.292"/>
</testsuite> <!-- HomePageTests -->
