<?xml version="1.0" encoding="UTF-8"?>
<!-- Generated by org.testng.reporters.JUnitReportReporter -->
<testsuite hostname="orin-PC" failures="0" tests="8" name="APIAutomationDemo" time="6.390" errors="0" timestamp="2024-12-05T01:58:29 IST" skipped="0">
  <testcase classname="APIAutomationDemo" name="test05_verifySpecificTextIsNotIncludedInAnyRecordBody" time="0.262"/>
  <testcase classname="APIAutomationDemo" name="test06_updatingAnExistingRecord" time="0.867"/>
  <testcase classname="APIAutomationDemo" name="test08_deletingAnExistingRecord" time="1.032"/>
  <testcase classname="APIAutomationDemo" name="test07_addingNewRecord" time="0.415"/>
  <testcase classname="APIAutomationDemo" name="test04_verifyIDAccordingToTextSearch" time="0.260"/>
  <testcase classname="APIAutomationDemo" name="test03_verifyTotalNumORecords" time="0.285"/>
  <testcase classname="APIAutomationDemo" name="test02_VerifySeveralValues" time="0.689"/>
  <testcase classname="APIAutomationDemo" name="test01_VerifyMatchingCountryToSelectedCity" time="2.580"/>
</testsuite> <!-- APIAutomationDemo -->
