<?xml version="1.0" encoding="UTF-8"?>
<!-- Generated by org.testng.reporters.JUnitReportReporter -->
<testsuite hostname="orin-PC" failures="0" tests="3" name="RequestDemoTests" time="25.627" errors="0" timestamp="2024-12-05T01:58:29 IST" skipped="0">
  <testcase classname="RequestDemoTests" name="test_03_completeWithoutApproveConsent" time="24.466"/>
  <testcase classname="RequestDemoTests" name="test_01_verifyAllGetStartedWindowElementsAreDisplayed" time="0.195"/>
  <testcase classname="RequestDemoTests" name="test_02_verifyAvailableCompanySizeOptions" time="0.966"/>
</testsuite> <!-- RequestDemoTests -->
