<?xml version="1.0" encoding="UTF-8"?>
<!-- Generated by org.testng.reporters.JUnitReportReporter -->
<testsuite hostname="orin-PC" failures="0" tests="6" name="VaronisWebAutomationDemo" time="14.154" errors="0" timestamp="2024-11-07T16:00:08 IST" skipped="0">
  <testcase classname="VaronisWebAutomationDemo" name="test_03_verifyHomepageUseCasesAreVisibleAndClickable" time="0.138"/>
  <testcase classname="VaronisWebAutomationDemo" name="test_04_verifyHomepageUseCasesTexts" time="0.056"/>
  <testcase classname="VaronisWebAutomationDemo" name="test_06_verifyActiveDirectoryRiskAssessmentLinkColors" time="2.524"/>
  <testcase classname="VaronisWebAutomationDemo" name="test_05_verifyHomepageUseCasesBackgroundColorWhenHovered" time="7.079"/>
  <testcase classname="VaronisWebAutomationDemo" name="test_01_SelectLanguageFunctionality" time="4.205"/>
  <testcase classname="VaronisWebAutomationDemo" name="test_02_verifyHomepageTopHeaders" time="0.152"/>
</testsuite> <!-- VaronisWebAutomationDemo -->
